# JRE version: OpenJDK Runtime Environment (8.0_202-b03) (build 1.8.0_202-release-1483-b03)
# Java VM: OpenJDK 64-Bit Server VM (25.202-b03 mixed mode windows-amd64 compressed oops)
Heap:
 PSYoungGen      total 278528K, used 238912K [0x00000000e0000000, 0x00000000ff400000, 0x0000000100000000)
  eden space 262144K, 84% used [0x00000000e0000000,0x00000000ed994608,0x00000000f0000000)
  from space 16384K, 98% used [0x00000000f0000000,0x00000000f0fbbb38,0x00000000f1000000)
  to   space 124928K, 0% used [0x00000000f7a00000,0x00000000f7a00000,0x00000000ff400000)
 ParOldGen       total 302080K, used 62215K [0x00000000a0000000, 0x00000000b2700000, 0x00000000e0000000)
  object space 302080K, 20% used [0x00000000a0000000,0x00000000a3cc1c68,0x00000000b2700000)
 Metaspace       used 152455K, capacity 161340K, committed 163072K, reserved 1191936K
  class space    used 19409K, capacity 20909K, committed 21248K, reserved 1048576K
GC Heap History (10 events):
Event: 15954.461 GC heap before
{Heap before GC invocations=72 (full 8):
 PSYoungGen      total 393216K, used 392855K [0x00000000e0000000, 0x0000000100000000, 0x0000000100000000)
  eden space 298496K, 100% used [0x00000000e0000000,0x00000000f2380000,0x00000000f2380000)
  from space 94720K, 99% used [0x00000000f2380000,0x00000000f7fa5c78,0x00000000f8000000)
  to   space 120832K, 0% used [0x00000000f8a00000,0x00000000f8a00000,0x0000000100000000)
 ParOldGen       total 302080K, used 61594K [0x00000000a0000000, 0x00000000b2700000, 0x00000000e0000000)
  object space 302080K, 20% used [0x00000000a0000000,0x00000000a3c26b18,0x00000000b2700000)
 Metaspace       used 150140K, capacity 159294K, committed 160896K, reserved 1189888K
  class space    used 19217K, capacity 20788K, committed 21120K, reserved 1048576K
Event: 15954.853 GC heap after
Heap after GC invocations=72 (full 8):
 PSYoungGen      total 407552K, used 16038K [0x00000000e0000000, 0x0000000100000000, 0x0000000100000000)
  eden space 286720K, 0% used [0x00000000e0000000,0x00000000e0000000,0x00000000f1800000)
  from space 120832K, 13% used [0x00000000f8a00000,0x00000000f99a9920,0x0000000100000000)
  to   space 116736K, 0% used [0x00000000f1800000,0x00000000f1800000,0x00000000f8a00000)
 ParOldGen       total 302080K, used 61602K [0x00000000a0000000, 0x00000000b2700000, 0x00000000e0000000)
  object space 302080K, 20% used [0x00000000a0000000,0x00000000a3c28b18,0x00000000b2700000)
 Metaspace       used 150140K, capacity 159294K, committed 160896K, reserved 1189888K
  class space    used 19217K, capacity 20788K, committed 21120K, reserved 1048576K
}
Event: 15957.769 GC heap before
{Heap before GC invocations=73 (full 8):
 PSYoungGen      total 407552K, used 302758K [0x00000000e0000000, 0x0000000100000000, 0x0000000100000000)
  eden space 286720K, 100% used [0x00000000e0000000,0x00000000f1800000,0x00000000f1800000)
  from space 120832K, 13% used [0x00000000f8a00000,0x00000000f99a9920,0x0000000100000000)
  to   space 116736K, 0% used [0x00000000f1800000,0x00000000f1800000,0x00000000f8a00000)
 ParOldGen       total 302080K, used 61602K [0x00000000a0000000, 0x00000000b2700000, 0x00000000e0000000)
  object space 302080K, 20% used [0x00000000a0000000,0x00000000a3c28b18,0x00000000b2700000)
 Metaspace       used 150172K, capacity 159300K, committed 160896K, reserved 1189888K
  class space    used 19219K, capacity 20789K, committed 21120K, reserved 1048576K
Event: 15957.951 GC heap after
Heap after GC invocations=73 (full 8):
 PSYoungGen      total 388608K, used 101706K [0x00000000e0000000, 0x0000000100000000, 0x0000000100000000)
  eden space 286720K, 0% used [0x00000000e0000000,0x00000000e0000000,0x00000000f1800000)
  from space 101888K, 99% used [0x00000000f1800000,0x00000000f7b52a98,0x00000000f7b80000)
  to   space 132608K, 0% used [0x00000000f7e80000,0x00000000f7e80000,0x0000000100000000)
 ParOldGen       total 302080K, used 61602K [0x00000000a0000000, 0x00000000b2700000, 0x00000000e0000000)
  object space 302080K, 20% used [0x00000000a0000000,0x00000000a3c28b18,0x00000000b2700000)
 Metaspace       used 150172K, capacity 159300K, committed 160896K, reserved 1189888K
  class space    used 19219K, capacity 20789K, committed 21120K, reserved 1048576K
}
Event: 16383.251 GC heap before
{Heap before GC invocations=74 (full 8):
 PSYoungGen      total 388608K, used 206829K [0x00000000e0000000, 0x0000000100000000, 0x0000000100000000)
  eden space 286720K, 36% used [0x00000000e0000000,0x00000000e66a8ce8,0x00000000f1800000)
  from space 101888K, 99% used [0x00000000f1800000,0x00000000f7b52a98,0x00000000f7b80000)
  to   space 132608K, 0% used [0x00000000f7e80000,0x00000000f7e80000,0x0000000100000000)
 ParOldGen       total 302080K, used 61602K [0x00000000a0000000, 0x00000000b2700000, 0x00000000e0000000)
  object space 302080K, 20% used [0x00000000a0000000,0x00000000a3c28b18,0x00000000b2700000)
 Metaspace       used 150201K, capacity 159382K, committed 160896K, reserved 1189888K
  class space    used 19221K, capacity 20792K, committed 21120K, reserved 1048576K
Event: 16383.508 GC heap after
Heap after GC invocations=74 (full 8):
 PSYoungGen      total 394752K, used 8176K [0x00000000e0000000, 0x0000000100000000, 0x0000000100000000)
  eden space 262144K, 0% used [0x00000000e0000000,0x00000000e0000000,0x00000000f0000000)
  from space 132608K, 6% used [0x00000000f7e80000,0x00000000f867c010,0x0000000100000000)
  to   space 129536K, 0% used [0x00000000f0000000,0x00000000f0000000,0x00000000f7e80000)
 ParOldGen       total 302080K, used 61610K [0x00000000a0000000, 0x00000000b2700000, 0x00000000e0000000)
  object space 302080K, 20% used [0x00000000a0000000,0x00000000a3c2ab18,0x00000000b2700000)
 Metaspace       used 150201K, capacity 159382K, committed 160896K, reserved 1189888K
  class space    used 19221K, capacity 20792K, committed 21120K, reserved 1048576K
}
Event: 16383.508 GC heap before
{Heap before GC invocations=75 (full 9):
 PSYoungGen      total 394752K, used 8176K [0x00000000e0000000, 0x0000000100000000, 0x0000000100000000)
  eden space 262144K, 0% used [0x00000000e0000000,0x00000000e0000000,0x00000000f0000000)
  from space 132608K, 6% used [0x00000000f7e80000,0x00000000f867c010,0x0000000100000000)
  to   space 129536K, 0% used [0x00000000f0000000,0x00000000f0000000,0x00000000f7e80000)
 ParOldGen       total 302080K, used 61610K [0x00000000a0000000, 0x00000000b2700000, 0x00000000e0000000)
  object space 302080K, 20% used [0x00000000a0000000,0x00000000a3c2ab18,0x00000000b2700000)
 Metaspace       used 150201K, capacity 159382K, committed 160896K, reserved 1189888K
  class space    used 19221K, capacity 20792K, committed 21120K, reserved 1048576K
Event: 16386.992 GC heap after
Heap after GC invocations=75 (full 9):
 PSYoungGen      total 394752K, used 0K [0x00000000e0000000, 0x0000000100000000, 0x0000000100000000)
  eden space 262144K, 0% used [0x00000000e0000000,0x00000000e0000000,0x00000000f0000000)
  from space 132608K, 0% used [0x00000000f7e80000,0x00000000f7e80000,0x0000000100000000)
  to   space 129536K, 0% used [0x00000000f0000000,0x00000000f0000000,0x00000000f7e80000)
 ParOldGen       total 302080K, used 62207K [0x00000000a0000000, 0x00000000b2700000, 0x00000000e0000000)
  object space 302080K, 20% used [0x00000000a0000000,0x00000000a3cbfc68,0x00000000b2700000)
 Metaspace       used 149581K, capacity 158218K, committed 160896K, reserved 1189888K
  class space    used 19106K, capacity 20582K, committed 21120K, reserved 1048576K
}
Event: 17861.362 GC heap before
{Heap before GC invocations=76 (full 9):
 PSYoungGen      total 394752K, used 262144K [0x00000000e0000000, 0x0000000100000000, 0x0000000100000000)
  eden space 262144K, 100% used [0x00000000e0000000,0x00000000f0000000,0x00000000f0000000)
  from space 132608K, 0% used [0x00000000f7e80000,0x00000000f7e80000,0x0000000100000000)
  to   space 129536K, 0% used [0x00000000f0000000,0x00000000f0000000,0x00000000f7e80000)
 ParOldGen       total 302080K, used 62207K [0x00000000a0000000, 0x00000000b2700000, 0x00000000e0000000)
  object space 302080K, 20% used [0x00000000a0000000,0x00000000a3cbfc68,0x00000000b2700000)
 Metaspace       used 152330K, capacity 161246K, committed 163072K, reserved 1191936K
  class space    used 19401K, capacity 20894K, committed 21248K, reserved 1048576K
Event: 17861.568 GC heap after
Heap after GC invocations=76 (full 9):
 PSYoungGen      total 278528K, used 16110K [0x00000000e0000000, 0x00000000ff400000, 0x0000000100000000)
  eden space 262144K, 0% used [0x00000000e0000000,0x00000000e0000000,0x00000000f0000000)
  from space 16384K, 98% used [0x00000000f0000000,0x00000000f0fbbb38,0x00000000f1000000)
  to   space 124928K, 0% used [0x00000000f7a00000,0x00000000f7a00000,0x00000000ff400000)
 ParOldGen       total 302080K, used 62215K [0x00000000a0000000, 0x00000000b2700000, 0x00000000e0000000)
  object space 302080K, 20% used [0x00000000a0000000,0x00000000a3cc1c68,0x00000000b2700000)
 Metaspace       used 152330K, capacity 161246K, committed 163072K, reserved 1191936K
  class space    used 19401K, capacity 20894K, committed 21248K, reserved 1048576K
}

